<?xml version="1.0" encoding="UTF-8"?>
<testsuite name="ait_qa49.AddItemToCartTests" tests="1" skipped="0" failures="0" errors="0" timestamp="2024-12-14T16:18:43" hostname="MacBookAir" time="6.445">
  <properties/>
  <testcase name="addSecondItemInTheCart" classname="ait_qa49.AddItemToCartTests" time="6.445"/>
  <system-out><![CDATA[17:18:30.132 [Test worker] INFO  ait_qa49.TestBase -- Start test addSecondItemInTheCart
17:18:31.138 [Test worker] INFO  demo.webshop.utils.MyListener -- Before find elements By.cssSelector: [href='/login']
17:18:31.139 [Test worker] INFO  demo.webshop.utils.MyListener -- ***********************************************************************
17:18:41.120 [Test worker] INFO  demo.webshop.utils.MyListener -- List size is 0
17:18:41.121 [Test worker] INFO  demo.webshop.utils.MyListener -- ***********************************************************************
17:18:41.122 [Test worker] INFO  demo.webshop.utils.MyListener -- The locator will findBy.xpath: //a[contains(text(),'Log out')]
17:18:41.122 [Test worker] INFO  demo.webshop.utils.MyListener -- ***********************************************************************
17:18:41.149 [Test worker] INFO  demo.webshop.utils.MyListener -- The locator found By.xpath: //a[contains(text(),'Log out')]
17:18:41.150 [Test worker] INFO  demo.webshop.utils.MyListener -- ***********************************************************************
17:18:41.185 [Test worker] INFO  demo.webshop.utils.MyListener -- The locator will findBy.cssSelector: [href='/login']
17:18:41.185 [Test worker] INFO  demo.webshop.utils.MyListener -- ***********************************************************************
17:18:41.606 [Test worker] INFO  demo.webshop.utils.MyListener -- The test have a problem
17:18:41.607 [Test worker] INFO  demo.webshop.utils.MyListener -- ***********************************************************************
17:18:41.607 [Test worker] INFO  demo.webshop.utils.MyListener -- Method --> findElement
17:18:41.607 [Test worker] INFO  demo.webshop.utils.MyListener -- ***********************************************************************
17:18:41.607 [Test worker] INFO  demo.webshop.utils.MyListener -- Target exception --> org.openqa.selenium.NoSuchFrameException: Build info: version: '4.26.0', revision: '8ccf0219d7'
System info: os.name: 'Mac OS X', os.arch: 'aarch64', os.version: '15.2', java.version: '17.0.12'
Driver info: org.openqa.selenium.safari.SafariDriver
Command: [8FE844C5-E53D-4627-B8E1-7230A53BF8DF, findElement {using=css selector, value=[href='/login']}]
Capabilities {acceptInsecureCerts: false, browserName: Safari, browserVersion: 18.2, platformName: mac, safari:automaticInspection: false, safari:automaticProfiling: false, safari:diagnose: false, safari:platformBuildVersion: 24C101, safari:platformVersion: 15.2, safari:useSimulator: false, setWindowRect: true, strictFileInteractability: false, webkit:WebRTC: {DisableICECandidateFiltering: false, DisableInsecureMediaCapture: false}}
Session ID: 8FE844C5-E53D-4627-B8E1-7230A53BF8DF
17:18:41.612 [Test worker] INFO  demo.webshop.utils.MyListener -- ***********************************************************************
17:18:41.612 [Test worker] INFO  demo.webshop.utils.MyListener -- Object target --> SafariDriver: Safari on mac (8FE844C5-E53D-4627-B8E1-7230A53BF8DF)
17:18:41.613 [Test worker] INFO  demo.webshop.utils.MyListener -- ***********************************************************************
17:18:42.118 [Test worker] INFO  demo.webshop.utils.MyListener -- The locator will findBy.cssSelector: [href='/login']
17:18:42.119 [Test worker] INFO  demo.webshop.utils.MyListener -- ***********************************************************************
17:18:42.153 [Test worker] INFO  demo.webshop.utils.MyListener -- The locator found By.cssSelector: [href='/login']
17:18:42.153 [Test worker] INFO  demo.webshop.utils.MyListener -- ***********************************************************************
17:18:42.189 [Test worker] INFO  demo.webshop.utils.MyListener -- The locator will findBy.cssSelector: input#Email
17:18:42.190 [Test worker] INFO  demo.webshop.utils.MyListener -- ***********************************************************************
17:18:42.406 [Test worker] INFO  demo.webshop.utils.MyListener -- The test have a problem
17:18:42.407 [Test worker] INFO  demo.webshop.utils.MyListener -- ***********************************************************************
17:18:42.407 [Test worker] INFO  demo.webshop.utils.MyListener -- Method --> findElement
17:18:42.407 [Test worker] INFO  demo.webshop.utils.MyListener -- ***********************************************************************
17:18:42.407 [Test worker] INFO  demo.webshop.utils.MyListener -- Target exception --> org.openqa.selenium.NoSuchFrameException: Build info: version: '4.26.0', revision: '8ccf0219d7'
System info: os.name: 'Mac OS X', os.arch: 'aarch64', os.version: '15.2', java.version: '17.0.12'
Driver info: org.openqa.selenium.safari.SafariDriver
Command: [8FE844C5-E53D-4627-B8E1-7230A53BF8DF, findElement {using=css selector, value=input#Email}]
Capabilities {acceptInsecureCerts: false, browserName: Safari, browserVersion: 18.2, platformName: mac, safari:automaticInspection: false, safari:automaticProfiling: false, safari:diagnose: false, safari:platformBuildVersion: 24C101, safari:platformVersion: 15.2, safari:useSimulator: false, setWindowRect: true, strictFileInteractability: false, webkit:WebRTC: {DisableICECandidateFiltering: false, DisableInsecureMediaCapture: false}}
Session ID: 8FE844C5-E53D-4627-B8E1-7230A53BF8DF
17:18:42.407 [Test worker] INFO  demo.webshop.utils.MyListener -- ***********************************************************************
17:18:42.407 [Test worker] INFO  demo.webshop.utils.MyListener -- Object target --> SafariDriver: Safari on mac (8FE844C5-E53D-4627-B8E1-7230A53BF8DF)
17:18:42.407 [Test worker] INFO  demo.webshop.utils.MyListener -- ***********************************************************************
17:18:42.911 [Test worker] INFO  demo.webshop.utils.MyListener -- The locator will findBy.cssSelector: input#Email
17:18:42.912 [Test worker] INFO  demo.webshop.utils.MyListener -- ***********************************************************************
17:18:42.941 [Test worker] INFO  demo.webshop.utils.MyListener -- The locator found By.cssSelector: input#Email
17:18:42.942 [Test worker] INFO  demo.webshop.utils.MyListener -- ***********************************************************************
17:18:42.984 [Test worker] INFO  demo.webshop.utils.MyListener -- The locator will findBy.cssSelector: input#Email
17:18:42.984 [Test worker] INFO  demo.webshop.utils.MyListener -- ***********************************************************************
17:18:42.996 [Test worker] INFO  demo.webshop.utils.MyListener -- The locator found By.cssSelector: input#Email
17:18:42.996 [Test worker] INFO  demo.webshop.utils.MyListener -- ***********************************************************************
17:18:43.003 [Test worker] INFO  demo.webshop.utils.MyListener -- The locator will findBy.cssSelector: input#Email
17:18:43.003 [Test worker] INFO  demo.webshop.utils.MyListener -- ***********************************************************************
17:18:43.012 [Test worker] INFO  demo.webshop.utils.MyListener -- The locator found By.cssSelector: input#Email
17:18:43.012 [Test worker] INFO  demo.webshop.utils.MyListener -- ***********************************************************************
17:18:43.140 [Test worker] INFO  demo.webshop.utils.MyListener -- The locator will findBy.cssSelector: input#Password
17:18:43.140 [Test worker] INFO  demo.webshop.utils.MyListener -- ***********************************************************************
17:18:43.154 [Test worker] INFO  demo.webshop.utils.MyListener -- The locator found By.cssSelector: input#Password
17:18:43.154 [Test worker] INFO  demo.webshop.utils.MyListener -- ***********************************************************************
17:18:43.200 [Test worker] INFO  demo.webshop.utils.MyListener -- The locator will findBy.cssSelector: input#Password
17:18:43.200 [Test worker] INFO  demo.webshop.utils.MyListener -- ***********************************************************************
17:18:43.207 [Test worker] INFO  demo.webshop.utils.MyListener -- The locator found By.cssSelector: input#Password
17:18:43.207 [Test worker] INFO  demo.webshop.utils.MyListener -- ***********************************************************************
17:18:43.212 [Test worker] INFO  demo.webshop.utils.MyListener -- The locator will findBy.cssSelector: input#Password
17:18:43.212 [Test worker] INFO  demo.webshop.utils.MyListener -- ***********************************************************************
17:18:43.218 [Test worker] INFO  demo.webshop.utils.MyListener -- The locator found By.cssSelector: input#Password
17:18:43.218 [Test worker] INFO  demo.webshop.utils.MyListener -- ***********************************************************************
17:18:43.250 [Test worker] INFO  demo.webshop.utils.MyListener -- The locator will findBy.cssSelector: [value='Log in']
17:18:43.250 [Test worker] INFO  demo.webshop.utils.MyListener -- ***********************************************************************
17:18:43.256 [Test worker] INFO  demo.webshop.utils.MyListener -- The locator found By.cssSelector: [value='Log in']
17:18:43.256 [Test worker] INFO  demo.webshop.utils.MyListener -- ***********************************************************************
17:18:44.297 [Test worker] INFO  demo.webshop.utils.MyListener -- The locator will findBy.cssSelector: .item-box:nth-child(3) .button-2
17:18:44.298 [Test worker] INFO  demo.webshop.utils.MyListener -- ***********************************************************************
17:18:44.318 [Test worker] INFO  demo.webshop.utils.MyListener -- The locator found By.cssSelector: .item-box:nth-child(3) .button-2
17:18:44.319 [Test worker] INFO  demo.webshop.utils.MyListener -- ***********************************************************************
17:18:45.386 [Test worker] INFO  demo.webshop.utils.MyListener -- The locator will findBy.id: bar-notification
17:18:45.387 [Test worker] INFO  demo.webshop.utils.MyListener -- ***********************************************************************
17:18:45.414 [Test worker] INFO  demo.webshop.utils.MyListener -- The locator found By.id: bar-notification
17:18:45.415 [Test worker] INFO  demo.webshop.utils.MyListener -- ***********************************************************************
17:18:45.930 [Test worker] INFO  demo.webshop.utils.MyListener -- The locator will findBy.id: bar-notification
17:18:45.931 [Test worker] INFO  demo.webshop.utils.MyListener -- ***********************************************************************
17:18:45.955 [Test worker] INFO  demo.webshop.utils.MyListener -- The locator found By.id: bar-notification
17:18:45.956 [Test worker] INFO  demo.webshop.utils.MyListener -- ***********************************************************************
17:18:46.474 [Test worker] INFO  demo.webshop.utils.MyListener -- The locator will findBy.id: bar-notification
17:18:46.475 [Test worker] INFO  demo.webshop.utils.MyListener -- ***********************************************************************
17:18:46.497 [Test worker] INFO  demo.webshop.utils.MyListener -- The locator found By.id: bar-notification
17:18:46.498 [Test worker] INFO  demo.webshop.utils.MyListener -- ***********************************************************************
17:18:47.014 [Test worker] INFO  demo.webshop.utils.MyListener -- The locator will findBy.id: bar-notification
17:18:47.014 [Test worker] INFO  demo.webshop.utils.MyListener -- ***********************************************************************
17:18:47.030 [Test worker] INFO  demo.webshop.utils.MyListener -- The locator found By.id: bar-notification
17:18:47.031 [Test worker] INFO  demo.webshop.utils.MyListener -- ***********************************************************************
17:18:47.544 [Test worker] INFO  demo.webshop.utils.MyListener -- The locator will findBy.id: bar-notification
17:18:47.545 [Test worker] INFO  demo.webshop.utils.MyListener -- ***********************************************************************
17:18:47.562 [Test worker] INFO  demo.webshop.utils.MyListener -- The locator found By.id: bar-notification
17:18:47.563 [Test worker] INFO  demo.webshop.utils.MyListener -- ***********************************************************************
17:18:48.076 [Test worker] INFO  demo.webshop.utils.MyListener -- The locator will findBy.id: bar-notification
17:18:48.077 [Test worker] INFO  demo.webshop.utils.MyListener -- ***********************************************************************
17:18:48.092 [Test worker] INFO  demo.webshop.utils.MyListener -- The locator found By.id: bar-notification
17:18:48.093 [Test worker] INFO  demo.webshop.utils.MyListener -- ***********************************************************************
17:18:48.608 [Test worker] INFO  demo.webshop.utils.MyListener -- The locator will findBy.id: bar-notification
17:18:48.609 [Test worker] INFO  demo.webshop.utils.MyListener -- ***********************************************************************
17:18:48.631 [Test worker] INFO  demo.webshop.utils.MyListener -- The locator found By.id: bar-notification
17:18:48.632 [Test worker] INFO  demo.webshop.utils.MyListener -- ***********************************************************************
17:18:48.644 [Test worker] INFO  demo.webshop.utils.MyListener -- The locator will findBy.id: topcartlink
17:18:48.645 [Test worker] INFO  demo.webshop.utils.MyListener -- ***********************************************************************
17:18:48.660 [Test worker] INFO  demo.webshop.utils.MyListener -- The locator found By.id: topcartlink
17:18:48.660 [Test worker] INFO  demo.webshop.utils.MyListener -- ***********************************************************************
17:18:49.711 [Test worker] INFO  demo.webshop.utils.MyListener -- Before find elements By.xpath: //a[@class='product-name'][contains(text(), '14.1-inch Laptop')]
17:18:49.712 [Test worker] INFO  demo.webshop.utils.MyListener -- ***********************************************************************
17:18:49.735 [Test worker] INFO  demo.webshop.utils.MyListener -- List size is 1
17:18:49.736 [Test worker] INFO  demo.webshop.utils.MyListener -- ***********************************************************************
17:18:49.738 [Test worker] INFO  ait_qa49.TestBase -- PASSED: addSecondItemInTheCart
17:18:49.739 [Test worker] INFO  ait_qa49.TestBase -- Stop test
17:18:49.739 [Test worker] INFO  ait_qa49.TestBase -- =============================================================================
]]></system-out>
  <system-err><![CDATA[]]></system-err>
</testsuite>
