<?xml version="1.0" encoding="UTF-8"?>
<testsuite name="ait_qa49.HomePageTests" tests="1" skipped="0" failures="0" errors="0" timestamp="2024-12-14T16:18:25" hostname="MacBookAir" time="0.012">
  <properties/>
  <testcase name="isHeaderLogoPresentTest" classname="ait_qa49.HomePageTests" time="0.012"/>
  <system-out><![CDATA[17:18:25.885 [Test worker] INFO  ait_qa49.TestBase -- Start test isHeaderLogoPresentTest
17:18:25.886 [Test worker] INFO  demo.webshop.utils.MyListener -- Before find elements By.cssSelector: .header-logo
17:18:25.886 [Test worker] INFO  demo.webshop.utils.MyListener -- ***********************************************************************
17:18:25.903 [Test worker] INFO  demo.webshop.utils.MyListener -- List size is 1
17:18:25.903 [Test worker] INFO  demo.webshop.utils.MyListener -- ***********************************************************************
17:18:25.904 [Test worker] INFO  demo.webshop.utils.MyListener -- Before find elements By.cssSelector: .header-logo
17:18:25.904 [Test worker] INFO  demo.webshop.utils.MyListener -- ***********************************************************************
17:18:25.914 [Test worker] INFO  demo.webshop.utils.MyListener -- List size is 1
17:18:25.914 [Test worker] INFO  demo.webshop.utils.MyListener -- ***********************************************************************
17:18:25.916 [Test worker] INFO  ait_qa49.TestBase -- PASSED: isHeaderLogoPresentTest
17:18:25.916 [Test worker] INFO  ait_qa49.TestBase -- Stop test
17:18:25.916 [Test worker] INFO  ait_qa49.TestBase -- =============================================================================
]]></system-out>
  <system-err><![CDATA[]]></system-err>
</testsuite>
